#
# There is insufficient memory for the Java Runtime Environment to continue.
# Native memory allocation (mmap) failed to map 132120576 bytes for G1 virtual space
# Possible reasons:
#   The system is out of physical RAM or swap space
#   The process is running with CompressedOops enabled, and the Java Heap may be blocking the growth of the native heap
# Possible solutions:
#   Reduce memory load on the system
#   Increase physical memory or swap space
#   Check if swap backing store is full
#   Decrease Java heap size (-Xmx/-Xms)
#   Decrease number of Java threads
#   Decrease Java thread stack sizes (-Xss)
#   Set larger code cache with -XX:ReservedCodeCacheSize=
#   JVM is running with Unscaled Compressed Oops mode in which the Java heap is
#     placed in the first 4GB address space. The Java Heap base address is the
#     maximum limit for the native heap growth. Please use -XX:HeapBaseMinAddress
#     to set the Java Heap base and to place the Java Heap above 4GB virtual address.
# This output file may be truncated or incomplete.
#
#  Out of Memory Error (os_windows.cpp:3532), pid=8124, tid=13288
#
# JRE version:  (17.0.2+8) (build )
# Java VM: OpenJDK 64-Bit Server VM (17.0.2+8-86, mixed mode, emulated-client, sharing, tiered, compressed oops, compressed class ptrs, g1 gc, windows-amd64)
# No core dump will be written. Minidumps are not enabled by default on client versions of Windows
#

---------------  S U M M A R Y ------------

Command Line: -XX:TieredStopAtLevel=1 -Xverify:none -Dspring.profiles.active=local -Dspring.output.ansi.enabled=always -javaagent:E:\Software\Intelli J\IntelliJ IDEA Ultimate 2021.2\lib\idea_rt.jar=50903:E:\Software\Intelli J\IntelliJ IDEA Ultimate 2021.2\bin -Dcom.sun.management.jmxremote -Dspring.jmx.enabled=true -Dspring.liveBeansView.mbeanDomain -Dspring.application.admin.enabled=true -Dfile.encoding=UTF-8 com.apollo.hotel.ApolloHotelManagementApplication

Host: Intel(R) Core(TM) i7-8750H CPU @ 2.20GHz, 12 cores, 7G,  Windows 11 , 64 bit Build 22000 (10.0.22000.434)
Time: Wed Mar 16 12:11:29 2022 Sri Lanka Standard Time elapsed time: 0.030643 seconds (0d 0h 0m 0s)

---------------  T H R E A D  ---------------

Current thread (0x00000201aa1f8300):  JavaThread "Unknown thread" [_thread_in_vm, id=13288, stack(0x00000014d7c00000,0x00000014d7d00000)]

Stack: [0x00000014d7c00000,0x00000014d7d00000]
Native frames: (J=compiled Java code, j=interpreted, Vv=VM code, C=native code)
V  [jvm.dll+0x670baa]
V  [jvm.dll+0x7cfcb4]
V  [jvm.dll+0x7d145e]
V  [jvm.dll+0x7d1ac3]
V  [jvm.dll+0x242bc5]
V  [jvm.dll+0x66dac9]
V  [jvm.dll+0x662412]
V  [jvm.dll+0x300c0b]
V  [jvm.dll+0x3081a6]
V  [jvm.dll+0x357d0e]
V  [jvm.dll+0x357f3f]
V  [jvm.dll+0x2d7ec8]
V  [jvm.dll+0x2d8e34]
V  [jvm.dll+0x7a18c1]
V  [jvm.dll+0x365a91]
V  [jvm.dll+0x780d2c]
V  [jvm.dll+0x3e845f]
V  [jvm.dll+0x3e9f01]
C  [jli.dll+0x527b]
C  [ucrtbase.dll+0x26c0c]
C  [KERNEL32.DLL+0x154e0]
C  [ntdll.dll+0x485b]


---------------  P R O C E S S  ---------------

Threads class SMR info:
_java_thread_list=0x00007ffb543d9858, length=0, elements={
}

Java Threads: ( => current thread )

Other Threads:
  0x00000201aa237890 GCTaskThread "GC Thread#0" [stack: 0x00000014d7d00000,0x00000014d7e00000] [id=7044]
  0x00000201aa249260 ConcurrentGCThread "G1 Main Marker" [stack: 0x00000014d7e00000,0x00000014d7f00000] [id=7884]
  0x00000201aa24a310 ConcurrentGCThread "G1 Conc#0" [stack: 0x00000014d7f00000,0x00000014d8000000] [id=16456]

[error occurred during error reporting (printing all threads), id 0xc0000005, EXCEPTION_ACCESS_VIOLATION (0xc0000005) at pc=0x00007ffb53c288a7]

VM state: not at safepoint (not fully initialized)

VM Mutex/Monitor currently owned by a thread:  ([mutex/lock_event])
[0x00000201aa1f5bf0] Heap_lock - owner thread: 0x00000201aa1f8300

Heap address: 0x0000000082400000, size: 2012 MB, Compressed Oops mode: 32-bit

CDS archive(s) mapped at: [0x0000000000000000-0x0000000000000000-0x0000000000000000), size 0, SharedBaseAddress: 0x0000000800000000, ArchiveRelocationMode: 0.
Narrow klass base: 0x0000000000000000, Narrow klass shift: 0, Narrow klass range: 0x0

GC Precious Log:
<Empty>

Heap:
 garbage-first heap   total 0K, used 0K [0x0000000082400000, 0x0000000100000000)
  region size 1024K, 0 young (0K), 0 survivors (0K)

[error occurred during error reporting (printing heap information), id 0xc0000005, EXCEPTION_ACCESS_VIOLATION (0xc0000005) at pc=0x00007ffb54009f19]

GC Heap History (0 events):
No events

Deoptimization events (0 events):
No events

Classes unloaded (0 events):
No events

Classes redefined (0 events):
No events

Internal exceptions (0 events):
No events

VM Operations (0 events):
No events

Events (1 events):
Event: 0.023 Loaded shared library C:\Users\Nipuna\.jdks\openjdk-17.0.2\bin\java.dll


Dynamic libraries:
0x00007ff6c55f0000 - 0x00007ff6c55fe000 	C:\Users\Nipuna\.jdks\openjdk-17.0.2\bin\java.exe
0x00007ffbb04a0000 - 0x00007ffbb06a9000 	C:\WINDOWS\SYSTEM32\ntdll.dll
0x00007ffbaf790000 - 0x00007ffbaf84d000 	C:\WINDOWS\System32\KERNEL32.DLL
0x00007ffbada70000 - 0x00007ffbadde4000 	C:\WINDOWS\System32\KERNELBASE.dll
0x00007ffbade70000 - 0x00007ffbadf81000 	C:\WINDOWS\System32\ucrtbase.dll
0x00007ffb93800000 - 0x00007ffb9381a000 	C:\Users\Nipuna\.jdks\openjdk-17.0.2\bin\VCRUNTIME140.dll
0x00007ffb92c40000 - 0x00007ffb92c58000 	C:\Users\Nipuna\.jdks\openjdk-17.0.2\bin\jli.dll
0x00007ffbae310000 - 0x00007ffbae4bc000 	C:\WINDOWS\System32\USER32.dll
0x00007ffbae0b0000 - 0x00007ffbae0d6000 	C:\WINDOWS\System32\win32u.dll
0x00007ffb9fb20000 - 0x00007ffb9fdc5000 	C:\WINDOWS\WinSxS\amd64_microsoft.windows.common-controls_6595b64144ccf1df_6.0.22000.120_none_9d947278b86cc467\COMCTL32.dll
0x00007ffbb0300000 - 0x00007ffbb0329000 	C:\WINDOWS\System32\GDI32.dll
0x00007ffbafe90000 - 0x00007ffbaff33000 	C:\WINDOWS\System32\msvcrt.dll
0x00007ffbadf90000 - 0x00007ffbae0a2000 	C:\WINDOWS\System32\gdi32full.dll
0x00007ffbad9d0000 - 0x00007ffbada6d000 	C:\WINDOWS\System32\msvcp_win.dll
0x00007ffbae950000 - 0x00007ffbae981000 	C:\WINDOWS\System32\IMM32.DLL
0x00007ffb99180000 - 0x00007ffb9918c000 	C:\Users\Nipuna\.jdks\openjdk-17.0.2\bin\vcruntime140_1.dll
0x00007ffb7a800000 - 0x00007ffb7a88d000 	C:\Users\Nipuna\.jdks\openjdk-17.0.2\bin\msvcp140.dll
0x00007ffb53940000 - 0x00007ffb54501000 	C:\Users\Nipuna\.jdks\openjdk-17.0.2\bin\server\jvm.dll
0x00007ffbb0090000 - 0x00007ffbb013e000 	C:\WINDOWS\System32\ADVAPI32.dll
0x00007ffbafcd0000 - 0x00007ffbafd6e000 	C:\WINDOWS\System32\sechost.dll
0x00007ffbaf2a0000 - 0x00007ffbaf3c0000 	C:\WINDOWS\System32\RPCRT4.dll
0x00007ffbafcc0000 - 0x00007ffbafcc8000 	C:\WINDOWS\System32\PSAPI.DLL
0x00007ffba8720000 - 0x00007ffba8753000 	C:\WINDOWS\SYSTEM32\WINMM.dll
0x00007ffb96ca0000 - 0x00007ffb96ca9000 	C:\WINDOWS\SYSTEM32\WSOCK32.dll
0x00007ffba7e20000 - 0x00007ffba7e2a000 	C:\WINDOWS\SYSTEM32\VERSION.dll
0x00007ffbae5b0000 - 0x00007ffbae61f000 	C:\WINDOWS\System32\WS2_32.dll
0x00007ffbacb10000 - 0x00007ffbacb28000 	C:\WINDOWS\SYSTEM32\kernel.appcore.dll
0x00007ffb97da0000 - 0x00007ffb97daa000 	C:\Users\Nipuna\.jdks\openjdk-17.0.2\bin\jimage.dll
0x00007ffbab610000 - 0x00007ffbab831000 	C:\WINDOWS\SYSTEM32\DBGHELP.DLL
0x00007ffb96df0000 - 0x00007ffb96e21000 	C:\WINDOWS\SYSTEM32\dbgcore.DLL
0x00007ffbaddf0000 - 0x00007ffbade6f000 	C:\WINDOWS\System32\bcryptPrimitives.dll
0x00007ffb8f100000 - 0x00007ffb8f10e000 	C:\Users\Nipuna\.jdks\openjdk-17.0.2\bin\instrument.dll
0x00007ffb92990000 - 0x00007ffb929b5000 	C:\Users\Nipuna\.jdks\openjdk-17.0.2\bin\java.dll

dbghelp: loaded successfully - version: 4.0.5 - missing functions: none
symbol engine: initialized successfully - sym options: 0x614 - pdb path: .;C:\Users\Nipuna\.jdks\openjdk-17.0.2\bin;C:\WINDOWS\SYSTEM32;C:\WINDOWS\WinSxS\amd64_microsoft.windows.common-controls_6595b64144ccf1df_6.0.22000.120_none_9d947278b86cc467;C:\Users\Nipuna\.jdks\openjdk-17.0.2\bin\server

VM Arguments:
jvm_args: -XX:TieredStopAtLevel=1 -Xverify:none -Dspring.profiles.active=local -Dspring.output.ansi.enabled=always -javaagent:E:\Software\Intelli J\IntelliJ IDEA Ultimate 2021.2\lib\idea_rt.jar=50903:E:\Software\Intelli J\IntelliJ IDEA Ultimate 2021.2\bin -Dcom.sun.management.jmxremote -Dspring.jmx.enabled=true -Dspring.liveBeansView.mbeanDomain -Dspring.application.admin.enabled=true -Dfile.encoding=UTF-8 
java_command: com.apollo.hotel.ApolloHotelManagementApplication
java_class_path (initial): E:\Projects\hotel\target\classes;C:\Users\Nipuna\.m2\repository\org\springframework\boot\spring-boot-starter-thymeleaf\2.6.2\spring-boot-starter-thymeleaf-2.6.2.jar;C:\Users\Nipuna\.m2\repository\org\springframework\boot\spring-boot-starter\2.6.2\spring-boot-starter-2.6.2.jar;C:\Users\Nipuna\.m2\repository\org\springframework\boot\spring-boot\2.6.2\spring-boot-2.6.2.jar;C:\Users\Nipuna\.m2\repository\org\springframework\boot\spring-boot-autoconfigure\2.6.2\spring-boot-autoconfigure-2.6.2.jar;C:\Users\Nipuna\.m2\repository\org\springframework\boot\spring-boot-starter-logging\2.6.2\spring-boot-starter-logging-2.6.2.jar;C:\Users\Nipuna\.m2\repository\ch\qos\logback\logback-classic\1.2.9\logback-classic-1.2.9.jar;C:\Users\Nipuna\.m2\repository\ch\qos\logback\logback-core\1.2.9\logback-core-1.2.9.jar;C:\Users\Nipuna\.m2\repository\org\apache\logging\log4j\log4j-to-slf4j\2.17.0\log4j-to-slf4j-2.17.0.jar;C:\Users\Nipuna\.m2\repository\org\apache\logging\log4j\log4j-api\2.17.0\log4j-api-2.17.0.jar;C:\Users\Nipuna\.m2\repository\org\slf4j\jul-to-slf4j\1.7.32\jul-to-slf4j-1.7.32.jar;C:\Users\Nipuna\.m2\repository\jakarta\annotation\jakarta.annotation-api\1.3.5\jakarta.annotation-api-1.3.5.jar;C:\Users\Nipuna\.m2\repository\org\yaml\snakeyaml\1.29\snakeyaml-1.29.jar;C:\Users\Nipuna\.m2\repository\org\thymeleaf\thymeleaf-spring5\3.0.14.RELEASE\thymeleaf-spring5-3.0.14.RELEASE.jar;C:\Users\Nipuna\.m2\repository\org\thymeleaf\extras\thymeleaf-extras-java8time\3.0.4.RELEASE\thymeleaf-extras-java8time-3.0.4.RELEASE.jar;C:\Users\Nipuna\.m2\repository\nz\net\ultraq\thymeleaf\thymeleaf-layout-dialect\3.0.0\thymeleaf-layout-dialect-3.0.0.jar;C:\Users\Nipuna\.m2\repository\org\codehaus\groovy\groovy\3.0.9\groovy-3.0.9.jar;C:\Users\Nipuna\.m2\repository\nz\net\ultraq\extensions\groovy-extensions\1.1.0\groovy-extensions-1.1.0.jar;C:\Users\Nipuna\.m2\repository\nz\net\ultraq\thymeleaf\thymeleaf-expression-processor\3.0.0\thymeleaf-expression-processor-3.0.0.jar
Launcher Type: SUN_STANDARD

[Global flags]
     intx CICompilerCount                          = 4                                         {product} {ergonomic}
     uint ConcGCThreads                            = 3                                         {product} {ergonomic}
     uint G1ConcRefinementThreads                  = 10                                        {product} {ergonomic}
   size_t G1HeapRegionSize                         = 1048576                                   {product} {ergonomic}
    uintx GCDrainStackTargetSize                   = 64                                        {product} {ergonomic}
   size_t InitialHeapSize                          = 132120576                                 {product} {ergonomic}
     bool ManagementServer                         = true                                      {product} {command line}
   size_t MarkStackSize                            = 4194304                                   {product} {ergonomic}
   size_t MaxHeapSize                              = 2109734912                                {product} {ergonomic}
   size_t MinHeapDeltaBytes                        = 1048576                                   {product} {ergonomic}
   size_t MinHeapSize                              = 8388608                                   {product} {ergonomic}
    uintx NonProfiledCodeHeapSize                  = 0                                      {pd product} {ergonomic}
     bool ProfileInterpreter                       = false                                  {pd product} {command line}
    uintx ProfiledCodeHeapSize                     = 0                                      {pd product} {ergonomic}
   size_t SoftMaxHeapSize                          = 2109734912                             {manageable} {ergonomic}
     intx TieredStopAtLevel                        = 1                                         {product} {command line}
     bool UseCompressedClassPointers               = true                           {product lp64_product} {ergonomic}
     bool UseCompressedOops                        = true                           {product lp64_product} {ergonomic}
     bool UseG1GC                                  = true                                      {product} {ergonomic}
     bool UseLargePagesIndividualAllocation        = false                                  {pd product} {ergonomic}

Logging:
Log output configuration:
 #0: stdout all=warning uptime,level,tags
 #1: stderr all=off uptime,level,tags

Environment Variables:
JAVA_HOME=C:\Program Files\Java\jdk-11.0.10
PATH=C:\Python310\Scripts\;C:\Python310\;C:\Program Files\Common Files\Oracle\Java\javapath;C:\Program Files (x86)\Common Files\Oracle\Java\javapath;E:/Software/Code Composer Studio/xdctools_3_22_01_21;C:\Program Files (x86)\PC Connectivity Solution\;C:\Program Files (x86)\Intel\Intel(R) Management Engine Components\iCLS\;C:\Program Files\Intel\Intel(R) Management Engine Components\iCLS\;C:\Windows\System32;C:\Windows;C:\Windows\System32\wbem;C:\Windows\System32\WindowsPowerShell\v1.0\;C:\Windows\System32\OpenSSH\;C:\Program Files (x86)\Intel\Intel(R) Management Engine Components\DAL;C:\Program Files\Intel\Intel(R) Management Engine Components\DAL;C:\Program Files (x86)\Intel\Intel(R) Management Engine Components\IPT;C:\Program Files\Intel\Intel(R) Management Engine Components\IPT;C:\Program Files\Intel\WiFi\bin\;C:\Program Files\Common Files\Intel\WirelessCommon\;C:\Program Files\NVIDIA Corporation\NVIDIA NvDLISR;C:\Program Files (x86)\CodeBlocks\MinGW\bin;C:\Program Files (x86)\CodeBlocks\MinGW\mingw32\bin;C:\Program Files\Git\bin;C:\Python27;C:\Gradle\gradle-5.5.1\bin;C:\Program Files\Git LFS;C:\apache-maven-3.6.2\bin;C:\Curl\curl-7.70.0-win64-mingw\bin;C:\ProgramData\chocolatey\bin;C:\ProgramData\Anaconda3;C:\ProgramData\Anaconda3\Library\mingw-w64\bin;C:\ProgramData\Anaconda3\Library\bin;C:\ProgramData\Anaconda3\Scripts;C:\Go\bin;C:\Program Files\Java\jdk-11.0.10\bin;C:\Program Files\apache-maven-3.8.2\bin;E:\Software\Matlab\runtime\win64;E:\Software\Matlab\bin;E:\Software\Matlab\polyspace\bin;C:\Program Files\Java\jdk-11.0.8\bin;E:\Software\Matlab\2016\runtime\win64;E:\Software\Matlab\2016\bin;E:\Software\Matlab\2016\polyspace\bin;C:\Program Files\mingw-w64\x86_64-8.1.0-posix-seh-rt_v6-rev0\mingw64\bin;C:\sqlite3;C:\Program Files\MongoDB\Server\4.4\bin;C:\WINDOWS\system32;C:\WINDOWS;C:\WINDOWS\System32\Wbem;C:\WINDOWS\System32\WindowsPowerShell\v1.0\;C:\WINDOWS\System32\OpenSSH\;C:\Gradle\gradle-7.3.3\bin;;C:\Program Files\nodejs\;C:\Program Files\Docker\Docker\r
USERNAME=Nipuna
OS=Windows_NT
PROCESSOR_IDENTIFIER=Intel64 Family 6 Model 158 Stepping 10, GenuineIntel



---------------  S Y S T E M  ---------------

OS:
 Windows 11 , 64 bit Build 22000 (10.0.22000.434)
OS uptime: 0 days 17:34 hours
Hyper-V role detected

CPU: total 12 (initial active 12) (6 cores per cpu, 2 threads per core) family 6 model 158 stepping 10 microcode 0xde, cx8, cmov, fxsr, ht, mmx, 3dnowpref, sse, sse2, sse3, ssse3, sse4.1, sse4.2, popcnt, lzcnt, tsc, tscinvbit, avx, avx2, aes, erms, clmul, bmi1, bmi2, adx, fma, vzeroupper, clflush, clflushopt, hv

Memory: 4k page, system-wide physical 8046M (595M free)
TotalPageFile size 13046M (AvailPageFile size 16M)
current process WorkingSet (physical memory assigned to process): 11M, peak: 11M
current process commit charge ("private bytes"): 59M, peak: 185M

vm_info: OpenJDK 64-Bit Server VM (17.0.2+8-86) for windows-amd64 JRE (17.0.2+8-86), built on Dec  7 2021 21:49:10 by "mach5one" with MS VC++ 16.8 / 16.9 (VS2019)

END.
